<?xml version="1.0" encoding="UTF-8"?>
<testng-results ignored="0" total="4" passed="4" failed="0" skipped="0">
  <reporter-output>
  </reporter-output>
  <suite started-at="2023-06-09T06:35:04 IST" name="login Suite" finished-at="2023-06-09T06:37:34 IST" duration-ms="150144">
    <groups>
    </groups>
    <test started-at="2023-06-09T06:35:04 IST" name="BothCorrect" finished-at="2023-06-09T06:35:33 IST" duration-ms="29096">
      <class name="loginTestCases.BothCorrect">
        <test-method signature="LoginWithBothCorrect(java.lang.String,java.lang.String)[pri:0, instance:loginTestCases.BothCorrect@647fd8ce]" started-at="2023-06-09T06:35:04 IST" name="LoginWithBothCorrect" finished-at="2023-06-09T06:35:33 IST" duration-ms="28954" status="PASS">
          <params>
            <param index="0">
              <value>
                <![CDATA[student]]>
              </value>
            </param>
            <param index="1">
              <value>
                <![CDATA[Password123]]>
              </value>
            </param>
          </params>
          <reporter-output>
          </reporter-output>
        </test-method> <!-- LoginWithBothCorrect -->
      </class> <!-- loginTestCases.BothCorrect -->
    </test> <!-- BothCorrect -->
    <test started-at="2023-06-09T06:35:33 IST" name="BothIncorrect" finished-at="2023-06-09T06:35:49 IST" duration-ms="15680">
      <class name="loginTestCases.BothIncorrect">
        <test-method signature="LoginWithBothIncorrect(java.lang.String,java.lang.String)[pri:0, instance:loginTestCases.BothIncorrect@6e4784bc]" started-at="2023-06-09T06:35:33 IST" name="LoginWithBothIncorrect" finished-at="2023-06-09T06:35:49 IST" duration-ms="15658" status="PASS">
          <params>
            <param index="0">
              <value>
                <![CDATA[student1]]>
              </value>
            </param>
            <param index="1">
              <value>
                <![CDATA[Password122]]>
              </value>
            </param>
          </params>
          <reporter-output>
          </reporter-output>
        </test-method> <!-- LoginWithBothIncorrect -->
      </class> <!-- loginTestCases.BothIncorrect -->
    </test> <!-- BothIncorrect -->
    <test started-at="2023-06-09T06:35:49 IST" name="CorrectUserName" finished-at="2023-06-09T06:36:59 IST" duration-ms="69950">
      <class name="loginTestCases.CorrectUserName">
        <test-method signature="LoginWithCorrectUserName(java.lang.String,java.lang.String)[pri:0, instance:loginTestCases.CorrectUserName@2667f029]" started-at="2023-06-09T06:35:49 IST" name="LoginWithCorrectUserName" finished-at="2023-06-09T06:36:59 IST" duration-ms="69935" status="PASS">
          <params>
            <param index="0">
              <value>
                <![CDATA[student]]>
              </value>
            </param>
            <param index="1">
              <value>
                <![CDATA[Password13]]>
              </value>
            </param>
          </params>
          <reporter-output>
          </reporter-output>
        </test-method> <!-- LoginWithCorrectUserName -->
      </class> <!-- loginTestCases.CorrectUserName -->
    </test> <!-- CorrectUserName -->
    <test started-at="2023-06-09T06:36:59 IST" name="CorrectPasswordTestCase" finished-at="2023-06-09T06:37:34 IST" duration-ms="34694">
      <class name="loginTestCases.CorrectPasswordTestCase">
        <test-method signature="LoginWithCorrectPassword(java.lang.String,java.lang.String)[pri:0, instance:loginTestCases.CorrectPasswordTestCase@654f0d9c]" started-at="2023-06-09T06:36:59 IST" name="LoginWithCorrectPassword" finished-at="2023-06-09T06:37:34 IST" duration-ms="34670" status="PASS">
          <params>
            <param index="0">
              <value>
                <![CDATA[student1]]>
              </value>
            </param>
            <param index="1">
              <value>
                <![CDATA[Password123]]>
              </value>
            </param>
          </params>
          <reporter-output>
          </reporter-output>
        </test-method> <!-- LoginWithCorrectPassword -->
      </class> <!-- loginTestCases.CorrectPasswordTestCase -->
    </test> <!-- CorrectPasswordTestCase -->
  </suite> <!-- login Suite -->
</testng-results>
