<?xml version="1.0" encoding="UTF-8"?>
<!-- Generated by org.testng.reporters.JUnitXMLReporter -->
<testsuite ignored="0" hostname="DESKTOP-R4Q93GI" failures="0" tests="4" name="Logir test cases" time="101.641" errors="0" timestamp="2023-06-09T06:01:40 IST">
  <testcase classname="loginTestCases.BothCorrect" name="LoginWithBothCorrect" time="19.949"/>
  <testcase classname="loginTestCases.BothIncorrect" name="LoginWithBothIncorrect" time="11.348"/>
  <testcase classname="loginTestCases.CorrectUserName" name="LoginWithCorrectUserName" time="31.423"/>
  <testcase classname="loginTestCases.CorrectPasswordTestCase" name="LoginWithCorrectPassword" time="38.796"/>
</testsuite> <!-- Logir test cases -->
